<?xml version="1.0" encoding="UTF-8"?>
<coverage generated="1772946908632" clover="3.2.0">
  <project timestamp="1772946908632" name="All files">
    <metrics statements="10" coveredstatements="10" conditionals="8" coveredconditionals="6" methods="4" coveredmethods="4" elements="22" coveredelements="20" complexity="0" loc="10" ncloc="10" packages="1" files="1" classes="1"/>
    <file name="health.controller.ts" path="/Users/hernanvelasquez/Saas-proyects/GymFlowProyect/gym-flow-back-movile-platform-ms/src/health.controller.ts">
      <metrics statements="10" coveredstatements="10" conditionals="8" coveredconditionals="6" methods="4" coveredmethods="4"/>
      <line num="1" count="1" type="stmt"/>
      <line num="2" count="1" type="stmt"/>
      <line num="5" count="1" type="stmt"/>
      <line num="7" count="3" type="cond" truecount="6" falsecount="2"/>
      <line num="8" count="3" type="stmt"/>
      <line num="12" count="1" type="stmt"/>
      <line num="13" count="1" type="stmt"/>
      <line num="14" count="1" type="stmt"/>
      <line num="19" count="1" type="stmt"/>
      <line num="20" count="1" type="stmt"/>
    </file>
  </project>
</coverage>
