{"/Users/hernanvelasquez/Saas-proyects/GymFlowProyect/gym-flow-back-movile-platform-ms/src/health.controller.ts": {"path":"/Users/hernanvelasquez/Saas-proyects/GymFlowProyect/gym-flow-back-movile-platform-ms/src/health.controller.ts","statementMap":{"0":{"start":{"line":1,"column":0},"end":{"line":1,"column":49}},"1":{"start":{"line":2,"column":0},"end":{"line":2,"column":75}},"2":{"start":{"line":5,"column":7},"end":{"line":22,"column":null}},"3":{"start":{"line":7,"column":21},"end":{"line":7,"column":41}},"4":{"start":{"line":8,"column":21},"end":{"line":8,"column":27}},"5":{"start":{"line":13,"column":4},"end":{"line":15,"column":7}},"6":{"start":{"line":14,"column":12},"end":{"line":14,"column":63}},"7":{"start":{"line":20,"column":4},"end":{"line":20,"column":38}},"8":{"start":{"line":5,"column":13},"end":{"line":5,"column":33}},"9":{"start":{"line":12,"column":2},"end":{"line":16,"column":null}},"10":{"start":{"line":19,"column":2},"end":{"line":21,"column":null}},"11":{"start":{"line":5,"column":13},"end":{"line":22,"column":null}}},"fnMap":{"0":{"name":"(anonymous_2)","decl":{"start":{"line":6,"column":2},"end":{"line":6,"column":null}},"loc":{"start":{"line":8,"column":46},"end":{"line":9,"column":6}}},"1":{"name":"(anonymous_3)","decl":{"start":{"line":12,"column":2},"end":{"line":12,"column":7}},"loc":{"start":{"line":12,"column":7},"end":{"line":16,"column":3}}},"2":{"name":"(anonymous_4)","decl":{"start":{"line":14,"column":6},"end":{"line":14,"column":9}},"loc":{"start":{"line":14,"column":12},"end":{"line":14,"column":63}}},"3":{"name":"(anonymous_5)","decl":{"start":{"line":19,"column":2},"end":{"line":19,"column":12}},"loc":{"start":{"line":19,"column":12},"end":{"line":21,"column":3}}}},"branchMap":{"0":{"loc":{"start":{"line":7,"column":41},"end":{"line":7,"column":null}},"type":"cond-expr","locations":[{"start":{"line":7,"column":59},"end":{"line":7,"column":null}},{"start":{"line":7,"column":59},"end":{"line":7,"column":null}}]},"1":{"loc":{"start":{"line":7,"column":41},"end":{"line":7,"column":59}},"type":"binary-expr","locations":[{"start":{"line":7,"column":41},"end":{"line":7,"column":null}},{"start":{"line":7,"column":41},"end":{"line":7,"column":59}}]},"2":{"loc":{"start":{"line":7,"column":59},"end":{"line":8,"column":null}},"type":"cond-expr","locations":[{"start":{"line":8,"column":46},"end":{"line":8,"column":null}},{"start":{"line":8,"column":46},"end":{"line":8,"column":null}}]},"3":{"loc":{"start":{"line":7,"column":59},"end":{"line":8,"column":46}},"type":"binary-expr","locations":[{"start":{"line":7,"column":59},"end":{"line":8,"column":null}},{"start":{"line":8,"column":27},"end":{"line":8,"column":46}}]}},"s":{"0":1,"1":1,"2":1,"3":3,"4":3,"5":1,"6":1,"7":1,"8":1,"9":1,"10":1,"11":1},"f":{"0":3,"1":1,"2":1,"3":1},"b":{"0":[1,0],"1":[1,1],"2":[1,0],"3":[1,1]}}
}
